2023-04-17T20:11:16.903-05:00  INFO 3404 --- [restartedMain] com.onpe.WebOnpe1Application             : Starting WebOnpe1Application using Java 17.0.6 with PID 3404 (C:\Users\elian\git\repository2\webOnpe-1\target\classes started by elian in C:\Users\elian\git\repository2\webOnpe-1)
2023-04-17T20:11:16.906-05:00  INFO 3404 --- [restartedMain] com.onpe.WebOnpe1Application             : No active profile set, falling back to 1 default profile: "default"
2023-04-17T20:11:16.949-05:00  INFO 3404 --- [restartedMain] .e.DevToolsPropertyDefaultsPostProcessor : Devtools property defaults active! Set 'spring.devtools.add-properties' to 'false' to disable
2023-04-17T20:11:16.949-05:00  INFO 3404 --- [restartedMain] .e.DevToolsPropertyDefaultsPostProcessor : For additional web related logging consider setting the 'logging.level.web' property to 'DEBUG'
2023-04-17T20:11:17.692-05:00  INFO 3404 --- [restartedMain] .s.d.r.c.RepositoryConfigurationDelegate : Multiple Spring Data modules found, entering strict repository configuration mode
2023-04-17T20:11:17.695-05:00  INFO 3404 --- [restartedMain] .s.d.r.c.RepositoryConfigurationDelegate : Bootstrapping Spring Data JDBC repositories in DEFAULT mode.
2023-04-17T20:11:17.737-05:00  INFO 3404 --- [restartedMain] .RepositoryConfigurationExtensionSupport : Spring Data JDBC - Could not safely identify store assignment for repository candidate interface com.onpe.repository.ITotal; If you want this repository to be a JDBC repository, consider annotating your entities with one of these annotations: org.springframework.data.relational.core.mapping.Table.
2023-04-17T20:11:17.738-05:00  INFO 3404 --- [restartedMain] .s.d.r.c.RepositoryConfigurationDelegate : Finished Spring Data repository scanning in 37 ms. Found 0 JDBC repository interfaces.
2023-04-17T20:11:17.749-05:00  INFO 3404 --- [restartedMain] .s.d.r.c.RepositoryConfigurationDelegate : Multiple Spring Data modules found, entering strict repository configuration mode
2023-04-17T20:11:17.752-05:00  INFO 3404 --- [restartedMain] .s.d.r.c.RepositoryConfigurationDelegate : Bootstrapping Spring Data JPA repositories in DEFAULT mode.
2023-04-17T20:11:17.883-05:00  INFO 3404 --- [restartedMain] .s.d.r.c.RepositoryConfigurationDelegate : Finished Spring Data repository scanning in 125 ms. Found 1 JPA repository interfaces.
2023-04-17T20:11:18.569-05:00  INFO 3404 --- [restartedMain] o.s.b.w.embedded.tomcat.TomcatWebServer  : Tomcat initialized with port(s): 8080 (http)
2023-04-17T20:11:18.579-05:00  INFO 3404 --- [restartedMain] o.apache.catalina.core.StandardService   : Starting service [Tomcat]
2023-04-17T20:11:18.579-05:00  INFO 3404 --- [restartedMain] o.apache.catalina.core.StandardEngine    : Starting Servlet engine: [Apache Tomcat/10.1.7]
2023-04-17T20:11:18.642-05:00  INFO 3404 --- [restartedMain] o.a.c.c.C.[Tomcat].[localhost].[/onpe]   : Initializing Spring embedded WebApplicationContext
2023-04-17T20:11:18.643-05:00  INFO 3404 --- [restartedMain] w.s.c.ServletWebServerApplicationContext : Root WebApplicationContext: initialization completed in 1692 ms
2023-04-17T20:11:18.766-05:00  INFO 3404 --- [restartedMain] com.zaxxer.hikari.HikariDataSource       : HikariPool-1 - Starting...
2023-04-17T20:11:20.009-05:00  INFO 3404 --- [restartedMain] com.zaxxer.hikari.pool.HikariPool        : HikariPool-1 - Added connection ConnectionID:1 ClientConnectionId: 19962420-3c3d-40fe-b19a-171aef80bc39
2023-04-17T20:11:20.011-05:00  INFO 3404 --- [restartedMain] com.zaxxer.hikari.HikariDataSource       : HikariPool-1 - Start completed.
2023-04-17T20:11:20.054-05:00  INFO 3404 --- [restartedMain] o.hibernate.jpa.internal.util.LogHelper  : HHH000204: Processing PersistenceUnitInfo [name: default]
2023-04-17T20:11:20.109-05:00  INFO 3404 --- [restartedMain] org.hibernate.Version                    : HHH000412: Hibernate ORM core version 6.1.7.Final
2023-04-17T20:11:20.388-05:00  INFO 3404 --- [restartedMain] SQL dialect                              : HHH000400: Using dialect: org.hibernate.dialect.SQLServerDialect
2023-04-17T20:11:21.182-05:00  INFO 3404 --- [restartedMain] o.h.e.t.j.p.i.JtaPlatformInitiator       : HHH000490: Using JtaPlatform implementation: [org.hibernate.engine.transaction.jta.platform.internal.NoJtaPlatform]
2023-04-17T20:11:21.191-05:00  INFO 3404 --- [restartedMain] j.LocalContainerEntityManagerFactoryBean : Initialized JPA EntityManagerFactory for persistence unit 'default'
2023-04-17T20:11:21.438-05:00  WARN 3404 --- [restartedMain] JpaBaseConfiguration$JpaWebConfiguration : spring.jpa.open-in-view is enabled by default. Therefore, database queries may be performed during view rendering. Explicitly configure spring.jpa.open-in-view to disable this warning
2023-04-17T20:11:21.783-05:00  WARN 3404 --- [restartedMain] o.s.data.convert.CustomConversions       : Registering converter from class microsoft.sql.DateTimeOffset to class java.time.OffsetDateTime as reading converter although it doesn't convert from a store-supported type; You might want to check your annotation setup at the converter implementation
2023-04-17T20:11:21.894-05:00  INFO 3404 --- [restartedMain] o.s.b.d.a.OptionalLiveReloadServer       : LiveReload server is running on port 35729
2023-04-17T20:11:21.929-05:00  INFO 3404 --- [restartedMain] o.s.b.w.embedded.tomcat.TomcatWebServer  : Tomcat started on port(s): 8080 (http) with context path '/onpe'
2023-04-17T20:11:21.938-05:00  INFO 3404 --- [restartedMain] com.onpe.WebOnpe1Application             : Started WebOnpe1Application in 5.387 seconds (process running for 6.225)
2023-04-17T20:11:47.680-05:00  INFO 3404 --- [http-nio-8080-exec-1] o.a.c.c.C.[Tomcat].[localhost].[/onpe]   : Initializing Spring DispatcherServlet 'dispatcherServlet'
2023-04-17T20:11:47.681-05:00  INFO 3404 --- [http-nio-8080-exec-1] o.s.web.servlet.DispatcherServlet        : Initializing Servlet 'dispatcherServlet'
2023-04-17T20:11:47.683-05:00  INFO 3404 --- [http-nio-8080-exec-1] o.s.web.servlet.DispatcherServlet        : Completed initialization in 1 ms
2023-04-17T20:23:07.290-05:00  INFO 3404 --- [File Watcher] rtingClassPathChangeChangedEventListener : Restarting due to 1 class path change (0 additions, 0 deletions, 1 modification)
2023-04-17T20:23:07.307-05:00  INFO 3404 --- [Thread-5] o.apache.catalina.core.StandardService   : Stopping service [Tomcat]
2023-04-17T20:23:07.311-05:00  INFO 3404 --- [Thread-5] o.a.c.c.C.[Tomcat].[localhost].[/onpe]   : Destroying Spring FrameworkServlet 'dispatcherServlet'
2023-04-17T20:23:07.336-05:00  INFO 3404 --- [Thread-5] j.LocalContainerEntityManagerFactoryBean : Closing JPA EntityManagerFactory for persistence unit 'default'
2023-04-17T20:23:07.340-05:00  INFO 3404 --- [Thread-5] com.zaxxer.hikari.HikariDataSource       : HikariPool-1 - Shutdown initiated...
2023-04-17T20:23:07.345-05:00  INFO 3404 --- [Thread-5] com.zaxxer.hikari.HikariDataSource       : HikariPool-1 - Shutdown completed.
2023-04-17T20:23:07.425-05:00  INFO 3404 --- [restartedMain] com.onpe.WebOnpe1Application             : Starting WebOnpe1Application using Java 17.0.6 with PID 3404 (C:\Users\elian\git\repository2\webOnpe-1\target\classes started by elian in C:\Users\elian\git\repository2\webOnpe-1)
2023-04-17T20:23:07.426-05:00  INFO 3404 --- [restartedMain] com.onpe.WebOnpe1Application             : No active profile set, falling back to 1 default profile: "default"
2023-04-17T20:23:07.613-05:00  INFO 3404 --- [restartedMain] .s.d.r.c.RepositoryConfigurationDelegate : Multiple Spring Data modules found, entering strict repository configuration mode
2023-04-17T20:23:07.613-05:00  INFO 3404 --- [restartedMain] .s.d.r.c.RepositoryConfigurationDelegate : Bootstrapping Spring Data JDBC repositories in DEFAULT mode.
2023-04-17T20:23:07.618-05:00  INFO 3404 --- [restartedMain] .RepositoryConfigurationExtensionSupport : Spring Data JDBC - Could not safely identify store assignment for repository candidate interface com.onpe.repository.ITotal; If you want this repository to be a JDBC repository, consider annotating your entities with one of these annotations: org.springframework.data.relational.core.mapping.Table.
2023-04-17T20:23:07.618-05:00  INFO 3404 --- [restartedMain] .s.d.r.c.RepositoryConfigurationDelegate : Finished Spring Data repository scanning in 4 ms. Found 0 JDBC repository interfaces.
2023-04-17T20:23:07.621-05:00  INFO 3404 --- [restartedMain] .s.d.r.c.RepositoryConfigurationDelegate : Multiple Spring Data modules found, entering strict repository configuration mode
2023-04-17T20:23:07.621-05:00  INFO 3404 --- [restartedMain] .s.d.r.c.RepositoryConfigurationDelegate : Bootstrapping Spring Data JPA repositories in DEFAULT mode.
2023-04-17T20:23:07.627-05:00  INFO 3404 --- [restartedMain] .s.d.r.c.RepositoryConfigurationDelegate : Finished Spring Data repository scanning in 4 ms. Found 1 JPA repository interfaces.
2023-04-17T20:23:07.721-05:00  INFO 3404 --- [restartedMain] o.s.b.w.embedded.tomcat.TomcatWebServer  : Tomcat initialized with port(s): 8080 (http)
2023-04-17T20:23:07.722-05:00  INFO 3404 --- [restartedMain] o.apache.catalina.core.StandardService   : Starting service [Tomcat]
2023-04-17T20:23:07.722-05:00  INFO 3404 --- [restartedMain] o.apache.catalina.core.StandardEngine    : Starting Servlet engine: [Apache Tomcat/10.1.7]
2023-04-17T20:23:07.740-05:00  INFO 3404 --- [restartedMain] o.a.c.c.C.[Tomcat].[localhost].[/onpe]   : Initializing Spring embedded WebApplicationContext
2023-04-17T20:23:07.740-05:00  INFO 3404 --- [restartedMain] w.s.c.ServletWebServerApplicationContext : Root WebApplicationContext: initialization completed in 311 ms
2023-04-17T20:23:07.764-05:00  INFO 3404 --- [restartedMain] com.zaxxer.hikari.HikariDataSource       : HikariPool-2 - Starting...
